{"numFailedTestSuites":1,"numFailedTests":0,"numPassedTestSuites":0,"numPassedTests":0,"numPendingTestSuites":0,"numPendingTests":0,"numRuntimeErrorTestSuites":1,"numTodoTests":0,"numTotalTestSuites":1,"numTotalTests":0,"openHandles":[],"snapshot":{"added":0,"didUpdate":false,"failure":false,"filesAdded":0,"filesRemoved":0,"filesRemovedList":[],"filesUnmatched":0,"filesUpdated":0,"matched":0,"total":0,"unchecked":0,"uncheckedKeysByFile":[],"unmatched":0,"updated":0},"startTime":1790139845834,"success":false,"testResults":[{"assertionResults":[],"coverage":{},"endTime":1790139870458,"message":"  \u001b[1m● \u001b[22mTest suite failed to run\n\n    \u001b[96msrc/sales-orders/sales-order.service.ts\u001b[0m:\u001b[93m81\u001b[0m:\u001b[93m68\u001b[0m - \u001b[91merror\u001b[0m\u001b[90m TS2353: \u001b[0mObject literal may only specify known properties, and 'idempotencyKey' does not exist in type 'SalesOrderWhereUniqueInput'.\n\n    \u001b[7m81\u001b[0m         const existing = await tx.salesOrder.findUnique({ where: { idempotencyKey } });\n    \u001b[7m  \u001b[0m \u001b[91m                                                                   ~~~~~~~~~~~~~~\u001b[0m\n\n      \u001b[96mnode_modules/.prisma/client/index.d.ts\u001b[0m:\u001b[93m49907\u001b[0m:\u001b[93m5\u001b[0m\n        \u001b[7m49907\u001b[0m     where: SalesOrderWhereUniqueInput\n        \u001b[7m     \u001b[0m \u001b[96m    ~~~~~\u001b[0m\n        The expected type comes from property 'where' which is declared here on type '{ select?: SalesOrderSelect<DefaultArgs>; include?: SalesOrderInclude<DefaultArgs>; where: SalesOrderWhereUniqueInput; }'\n    \u001b[96msrc/sales-orders/sales-order.service.ts\u001b[0m:\u001b[93m130\u001b[0m:\u001b[93m11\u001b[0m - \u001b[91merror\u001b[0m\u001b[90m TS2353: \u001b[0mObject literal may only specify known properties, and 'idempotencyKey' does not exist in type '(Without<SalesOrderCreateInput, SalesOrderUncheckedCreateInput> & SalesOrderUncheckedCreateInput) | (Without<...> & SalesOrderCreateInput)'.\n\n    \u001b[7m130\u001b[0m           idempotencyKey,\n    \u001b[7m   \u001b[0m \u001b[91m          ~~~~~~~~~~~~~~\u001b[0m\n\n      \u001b[96mnode_modules/.prisma/client/index.d.ts\u001b[0m:\u001b[93m50082\u001b[0m:\u001b[93m5\u001b[0m\n        \u001b[7m50082\u001b[0m     data: XOR<SalesOrderCreateInput, SalesOrderUncheckedCreateInput>\n        \u001b[7m     \u001b[0m \u001b[96m    ~~~~\u001b[0m\n        The expected type comes from property 'data' which is declared here on type '{ select?: SalesOrderSelect<DefaultArgs>; include?: SalesOrderInclude<DefaultArgs>; data: (Without<SalesOrderCreateInput, SalesOrderUncheckedCreateInput> & SalesOrderUncheckedCreateInput) | (Without<...> & SalesOrderCreateInput); }'\n","name":"D:\\pasalho enterprise\\pasalo.os\\backend\\src\\sales-orders\\sales-order.service.spec.ts","startTime":1790139870458,"status":"failed","summary":""}],"wasInterrupted":false}
